{"/app/src/axiosAuth.js": {"path":"/app/src/axiosAuth.js","statementMap":{"0":{"start":{"line":3,"column":17},"end":{"line":6,"column":2}}},"fnMap":{},"branchMap":{},"s":{"0":0},"f":{},"b":{}}
,"/app/src/axiosRefresh.js": {"path":"/app/src/axiosRefresh.js","statementMap":{"0":{"start":{"line":3,"column":17},"end":{"line":6,"column":2}}},"fnMap":{},"branchMap":{},"s":{"0":0},"f":{},"b":{}}
,"/app/src/cloudFireStore.js": {"path":"/app/src/cloudFireStore.js","statementMap":{"0":{"start":{"line":3,"column":17},"end":{"line":6,"column":2}}},"fnMap":{},"branchMap":{},"s":{"0":0},"f":{},"b":{}}
,"/app/src/router.js": {"path":"/app/src/router.js","statementMap":{"0":{"start":{"line":8,"column":0},"end":{"line":8,"column":16}},"1":{"start":{"line":17,"column":8},"end":{"line":23,"column":10}},"2":{"start":{"line":18,"column":10},"end":{"line":22,"column":11}},"3":{"start":{"line":19,"column":12},"end":{"line":19,"column":19}},"4":{"start":{"line":21,"column":12},"end":{"line":21,"column":27}},"5":{"start":{"line":30,"column":8},"end":{"line":36,"column":10}},"6":{"start":{"line":31,"column":10},"end":{"line":35,"column":11}},"7":{"start":{"line":32,"column":12},"end":{"line":32,"column":22}},"8":{"start":{"line":34,"column":12},"end":{"line":34,"column":19}}},"fnMap":{"0":{"name":"(anonymous_0)","decl":{"start":{"line":16,"column":6},"end":{"line":16,"column":7}},"loc":{"start":{"line":16,"column":34},"end":{"line":24,"column":7}},"line":16},"1":{"name":"(anonymous_1)","decl":{"start":{"line":17,"column":43},"end":{"line":17,"column":44}},"loc":{"start":{"line":17,"column":51},"end":{"line":23,"column":9}},"line":17},"2":{"name":"(anonymous_2)","decl":{"start":{"line":29,"column":6},"end":{"line":29,"column":7}},"loc":{"start":{"line":29,"column":34},"end":{"line":37,"column":7}},"line":29},"3":{"name":"(anonymous_3)","decl":{"start":{"line":30,"column":43},"end":{"line":30,"column":44}},"loc":{"start":{"line":30,"column":51},"end":{"line":36,"column":9}},"line":30}},"branchMap":{"0":{"loc":{"start":{"line":18,"column":10},"end":{"line":22,"column":11}},"type":"if","locations":[{"start":{"line":18,"column":10},"end":{"line":22,"column":11}},{"start":{"line":20,"column":17},"end":{"line":22,"column":11}}],"line":18},"1":{"loc":{"start":{"line":31,"column":10},"end":{"line":35,"column":11}},"type":"if","locations":[{"start":{"line":31,"column":10},"end":{"line":35,"column":11}},{"start":{"line":33,"column":17},"end":{"line":35,"column":11}}],"line":31}},"s":{"0":0,"1":0,"2":0,"3":0,"4":0,"5":0,"6":0,"7":0,"8":0},"f":{"0":0,"1":0,"2":0,"3":0},"b":{"0":[0,0],"1":[0,0]}}
,"/app/src/store.js": {"path":"/app/src/store.js","statementMap":{"0":{"start":{"line":6,"column":0},"end":{"line":6,"column":14}},"1":{"start":{"line":15,"column":6},"end":{"line":15,"column":29}},"2":{"start":{"line":18,"column":6},"end":{"line":18,"column":29}},"3":{"start":{"line":23,"column":6},"end":{"line":23,"column":29}},"4":{"start":{"line":26,"column":6},"end":{"line":26,"column":27}},"5":{"start":{"line":27,"column":6},"end":{"line":32,"column":9}},"6":{"start":{"line":28,"column":23},"end":{"line":28,"column":25}},"7":{"start":{"line":29,"column":8},"end":{"line":29,"column":39}},"8":{"start":{"line":30,"column":8},"end":{"line":30,"column":47}},"9":{"start":{"line":31,"column":8},"end":{"line":31,"column":39}},"10":{"start":{"line":37,"column":6},"end":{"line":37,"column":49}},"11":{"start":{"line":42,"column":6},"end":{"line":47,"column":9}},"12":{"start":{"line":43,"column":8},"end":{"line":46,"column":9}},"13":{"start":{"line":44,"column":10},"end":{"line":44,"column":42}},"14":{"start":{"line":45,"column":10},"end":{"line":45,"column":32}},"15":{"start":{"line":50,"column":6},"end":{"line":64,"column":7}},"16":{"start":{"line":51,"column":8},"end":{"line":51,"column":74}},"17":{"start":{"line":52,"column":8},"end":{"line":61,"column":11}},"18":{"start":{"line":53,"column":10},"end":{"line":60,"column":11}},"19":{"start":{"line":54,"column":12},"end":{"line":54,"column":44}},"20":{"start":{"line":55,"column":12},"end":{"line":59,"column":15}},"21":{"start":{"line":56,"column":14},"end":{"line":58,"column":15}},"22":{"start":{"line":57,"column":16},"end":{"line":57,"column":26}},"23":{"start":{"line":63,"column":8},"end":{"line":63,"column":23}},"24":{"start":{"line":67,"column":6},"end":{"line":67,"column":38}},"25":{"start":{"line":68,"column":6},"end":{"line":68,"column":32}},"26":{"start":{"line":69,"column":6},"end":{"line":69,"column":31}},"27":{"start":{"line":72,"column":6},"end":{"line":77,"column":7}},"28":{"start":{"line":73,"column":25},"end":{"line":73,"column":104}},"29":{"start":{"line":74,"column":8},"end":{"line":74,"column":60}},"30":{"start":{"line":76,"column":8},"end":{"line":76,"column":23}},"31":{"start":{"line":80,"column":27},"end":{"line":80,"column":99}},"32":{"start":{"line":81,"column":6},"end":{"line":98,"column":9}},"33":{"start":{"line":82,"column":26},"end":{"line":82,"column":61}},"34":{"start":{"line":83,"column":28},"end":{"line":83,"column":44}},"35":{"start":{"line":84,"column":26},"end":{"line":84,"column":47}},"36":{"start":{"line":85,"column":28},"end":{"line":88,"column":9}},"37":{"start":{"line":89,"column":8},"end":{"line":89,"column":38}},"38":{"start":{"line":90,"column":8},"end":{"line":90,"column":42}},"39":{"start":{"line":91,"column":8},"end":{"line":93,"column":9}},"40":{"start":{"line":94,"column":8},"end":{"line":94,"column":53}},"41":{"start":{"line":97,"column":8},"end":{"line":97,"column":29}},"42":{"start":{"line":101,"column":27},"end":{"line":101,"column":99}},"43":{"start":{"line":102,"column":6},"end":{"line":115,"column":9}},"44":{"start":{"line":103,"column":26},"end":{"line":103,"column":61}},"45":{"start":{"line":104,"column":28},"end":{"line":104,"column":44}},"46":{"start":{"line":105,"column":26},"end":{"line":105,"column":47}},"47":{"start":{"line":106,"column":8},"end":{"line":106,"column":31}},"48":{"start":{"line":107,"column":8},"end":{"line":107,"column":42}},"49":{"start":{"line":108,"column":8},"end":{"line":110,"column":9}},"50":{"start":{"line":111,"column":8},"end":{"line":111,"column":53}},"51":{"start":{"line":114,"column":8},"end":{"line":114,"column":29}}},"fnMap":{"0":{"name":"(anonymous_0)","decl":{"start":{"line":14,"column":4},"end":{"line":14,"column":5}},"loc":{"start":{"line":14,"column":21},"end":{"line":16,"column":5}},"line":14},"1":{"name":"(anonymous_1)","decl":{"start":{"line":17,"column":4},"end":{"line":17,"column":5}},"loc":{"start":{"line":17,"column":21},"end":{"line":19,"column":5}},"line":17},"2":{"name":"(anonymous_2)","decl":{"start":{"line":22,"column":4},"end":{"line":22,"column":5}},"loc":{"start":{"line":22,"column":33},"end":{"line":24,"column":5}},"line":22},"3":{"name":"(anonymous_3)","decl":{"start":{"line":25,"column":4},"end":{"line":25,"column":5}},"loc":{"start":{"line":25,"column":37},"end":{"line":35,"column":5}},"line":25},"4":{"name":"(anonymous_4)","decl":{"start":{"line":27,"column":40},"end":{"line":27,"column":41}},"loc":{"start":{"line":27,"column":50},"end":{"line":32,"column":7}},"line":27},"5":{"name":"(anonymous_5)","decl":{"start":{"line":36,"column":4},"end":{"line":36,"column":5}},"loc":{"start":{"line":36,"column":38},"end":{"line":38,"column":5}},"line":36},"6":{"name":"(anonymous_6)","decl":{"start":{"line":41,"column":15},"end":{"line":41,"column":16}},"loc":{"start":{"line":41,"column":52},"end":{"line":48,"column":5}},"line":41},"7":{"name":"(anonymous_7)","decl":{"start":{"line":42,"column":41},"end":{"line":42,"column":42}},"loc":{"start":{"line":42,"column":49},"end":{"line":47,"column":7}},"line":42},"8":{"name":"(anonymous_8)","decl":{"start":{"line":49,"column":11},"end":{"line":49,"column":12}},"loc":{"start":{"line":49,"column":57},"end":{"line":65,"column":5}},"line":49},"9":{"name":"(anonymous_9)","decl":{"start":{"line":52,"column":43},"end":{"line":52,"column":44}},"loc":{"start":{"line":52,"column":51},"end":{"line":61,"column":9}},"line":52},"10":{"name":"(anonymous_10)","decl":{"start":{"line":55,"column":35},"end":{"line":55,"column":36}},"loc":{"start":{"line":55,"column":42},"end":{"line":59,"column":13}},"line":55},"11":{"name":"(anonymous_11)","decl":{"start":{"line":66,"column":4},"end":{"line":66,"column":5}},"loc":{"start":{"line":66,"column":23},"end":{"line":70,"column":5}},"line":66},"12":{"name":"(anonymous_12)","decl":{"start":{"line":71,"column":15},"end":{"line":71,"column":16}},"loc":{"start":{"line":71,"column":51},"end":{"line":78,"column":5}},"line":71},"13":{"name":"(anonymous_13)","decl":{"start":{"line":79,"column":14},"end":{"line":79,"column":15}},"loc":{"start":{"line":79,"column":55},"end":{"line":99,"column":5}},"line":79},"14":{"name":"(anonymous_14)","decl":{"start":{"line":81,"column":42},"end":{"line":81,"column":43}},"loc":{"start":{"line":81,"column":62},"end":{"line":95,"column":7}},"line":81},"15":{"name":"(anonymous_15)","decl":{"start":{"line":96,"column":13},"end":{"line":96,"column":14}},"loc":{"start":{"line":96,"column":19},"end":{"line":98,"column":7}},"line":96},"16":{"name":"(anonymous_16)","decl":{"start":{"line":100,"column":16},"end":{"line":100,"column":17}},"loc":{"start":{"line":100,"column":46},"end":{"line":116,"column":5}},"line":100},"17":{"name":"(anonymous_17)","decl":{"start":{"line":102,"column":42},"end":{"line":102,"column":43}},"loc":{"start":{"line":102,"column":62},"end":{"line":112,"column":7}},"line":102},"18":{"name":"(anonymous_18)","decl":{"start":{"line":113,"column":13},"end":{"line":113,"column":14}},"loc":{"start":{"line":113,"column":19},"end":{"line":115,"column":7}},"line":113}},"branchMap":{"0":{"loc":{"start":{"line":43,"column":8},"end":{"line":46,"column":9}},"type":"if","locations":[{"start":{"line":43,"column":8},"end":{"line":46,"column":9}},{"start":{},"end":{}}],"line":43},"1":{"loc":{"start":{"line":53,"column":10},"end":{"line":60,"column":11}},"type":"if","locations":[{"start":{"line":53,"column":10},"end":{"line":60,"column":11}},{"start":{},"end":{}}],"line":53},"2":{"loc":{"start":{"line":56,"column":14},"end":{"line":58,"column":15}},"type":"if","locations":[{"start":{"line":56,"column":14},"end":{"line":58,"column":15}},{"start":{},"end":{}}],"line":56}},"s":{"0":0,"1":0,"2":0,"3":0,"4":0,"5":0,"6":0,"7":0,"8":0,"9":0,"10":0,"11":0,"12":0,"13":0,"14":0,"15":0,"16":0,"17":0,"18":0,"19":0,"20":0,"21":0,"22":0,"23":0,"24":0,"25":0,"26":0,"27":0,"28":0,"29":0,"30":0,"31":0,"32":0,"33":0,"34":0,"35":0,"36":0,"37":0,"38":0,"39":0,"40":0,"41":0,"42":0,"43":0,"44":0,"45":0,"46":0,"47":0,"48":0,"49":0,"50":0,"51":0},"f":{"0":0,"1":0,"2":0,"3":0,"4":0,"5":0,"6":0,"7":0,"8":0,"9":0,"10":0,"11":0,"12":0,"13":0,"14":0,"15":0,"16":0,"17":0,"18":0},"b":{"0":[0,0],"1":[0,0],"2":[0,0]}}
,"/app/src/components/temp.js": {"path":"/app/src/components/temp.js","statementMap":{"0":{"start":{"line":2,"column":2},"end":{"line":6,"column":3}},"1":{"start":{"line":10,"column":2},"end":{"line":10,"column":19}},"2":{"start":{"line":11,"column":2},"end":{"line":11,"column":50}},"3":{"start":{"line":12,"column":2},"end":{"line":12,"column":46}},"4":{"start":{"line":13,"column":2},"end":{"line":13,"column":33}},"5":{"start":{"line":14,"column":2},"end":{"line":14,"column":34}},"6":{"start":{"line":17,"column":11},"end":{"line":17,"column":12}},"7":{"start":{"line":18,"column":11},"end":{"line":18,"column":12}},"8":{"start":{"line":19,"column":17},"end":{"line":19,"column":50}},"9":{"start":{"line":22,"column":14},"end":{"line":22,"column":37}},"10":{"start":{"line":24,"column":2},"end":{"line":24,"column":19}},"11":{"start":{"line":25,"column":2},"end":{"line":25,"column":23}},"12":{"start":{"line":26,"column":2},"end":{"line":26,"column":27}},"13":{"start":{"line":27,"column":2},"end":{"line":27,"column":20}},"14":{"start":{"line":28,"column":2},"end":{"line":28,"column":68}},"15":{"start":{"line":29,"column":2},"end":{"line":29,"column":63}},"16":{"start":{"line":30,"column":2},"end":{"line":30,"column":64}},"17":{"start":{"line":31,"column":2},"end":{"line":31,"column":65}},"18":{"start":{"line":39,"column":18},"end":{"line":39,"column":59}},"19":{"start":{"line":40,"column":4},"end":{"line":42,"column":7}},"20":{"start":{"line":41,"column":6},"end":{"line":41,"column":44}},"21":{"start":{"line":43,"column":4},"end":{"line":43,"column":25}},"22":{"start":{"line":44,"column":4},"end":{"line":44,"column":19}},"23":{"start":{"line":45,"column":4},"end":{"line":45,"column":19}},"24":{"start":{"line":49,"column":4},"end":{"line":97,"column":5}},"25":{"start":{"line":50,"column":21},"end":{"line":50,"column":54}},"26":{"start":{"line":51,"column":18},"end":{"line":51,"column":41}},"27":{"start":{"line":53,"column":14},"end":{"line":53,"column":23}},"28":{"start":{"line":54,"column":14},"end":{"line":54,"column":23}},"29":{"start":{"line":58,"column":6},"end":{"line":58,"column":25}},"30":{"start":{"line":60,"column":6},"end":{"line":60,"column":49}},"31":{"start":{"line":62,"column":6},"end":{"line":95,"column":7}},"32":{"start":{"line":63,"column":8},"end":{"line":63,"column":57}},"33":{"start":{"line":64,"column":8},"end":{"line":64,"column":58}},"34":{"start":{"line":65,"column":8},"end":{"line":65,"column":33}},"35":{"start":{"line":66,"column":8},"end":{"line":66,"column":24}},"36":{"start":{"line":67,"column":8},"end":{"line":67,"column":27}},"37":{"start":{"line":68,"column":8},"end":{"line":68,"column":25}},"38":{"start":{"line":69,"column":8},"end":{"line":69,"column":24}},"39":{"start":{"line":70,"column":8},"end":{"line":70,"column":21}},"40":{"start":{"line":71,"column":8},"end":{"line":71,"column":15}},"41":{"start":{"line":72,"column":8},"end":{"line":72,"column":15}},"42":{"start":{"line":75,"column":8},"end":{"line":75,"column":53}},"43":{"start":{"line":76,"column":8},"end":{"line":76,"column":30}},"44":{"start":{"line":77,"column":8},"end":{"line":77,"column":31}},"45":{"start":{"line":78,"column":8},"end":{"line":78,"column":24}},"46":{"start":{"line":79,"column":8},"end":{"line":79,"column":27}},"47":{"start":{"line":80,"column":8},"end":{"line":80,"column":25}},"48":{"start":{"line":81,"column":8},"end":{"line":81,"column":24}},"49":{"start":{"line":82,"column":8},"end":{"line":82,"column":21}},"50":{"start":{"line":83,"column":26},"end":{"line":90,"column":9}},"51":{"start":{"line":92,"column":8},"end":{"line":92,"column":15}},"52":{"start":{"line":93,"column":8},"end":{"line":93,"column":15}},"53":{"start":{"line":94,"column":8},"end":{"line":94,"column":40}},"54":{"start":{"line":101,"column":18},"end":{"line":101,"column":59}},"55":{"start":{"line":102,"column":4},"end":{"line":104,"column":7}},"56":{"start":{"line":103,"column":6},"end":{"line":103,"column":41}},"57":{"start":{"line":105,"column":4},"end":{"line":105,"column":26}},"58":{"start":{"line":106,"column":4},"end":{"line":106,"column":47}},"59":{"start":{"line":107,"column":4},"end":{"line":107,"column":32}},"60":{"start":{"line":112,"column":4},"end":{"line":112,"column":63}},"61":{"start":{"line":116,"column":14},"end":{"line":116,"column":24}},"62":{"start":{"line":118,"column":2},"end":{"line":159,"column":5}},"63":{"start":{"line":119,"column":18},"end":{"line":119,"column":60}},"64":{"start":{"line":120,"column":4},"end":{"line":157,"column":7}},"65":{"start":{"line":121,"column":6},"end":{"line":121,"column":41}},"66":{"start":{"line":122,"column":6},"end":{"line":122,"column":58}},"67":{"start":{"line":123,"column":6},"end":{"line":123,"column":57}},"68":{"start":{"line":124,"column":6},"end":{"line":124,"column":58}},"69":{"start":{"line":125,"column":6},"end":{"line":153,"column":9}},"70":{"start":{"line":127,"column":21},"end":{"line":127,"column":72}},"71":{"start":{"line":128,"column":21},"end":{"line":128,"column":71}},"72":{"start":{"line":131,"column":8},"end":{"line":131,"column":42}},"73":{"start":{"line":133,"column":8},"end":{"line":133,"column":48}},"74":{"start":{"line":138,"column":10},"end":{"line":138,"column":52}},"75":{"start":{"line":139,"column":10},"end":{"line":139,"column":51}},"76":{"start":{"line":142,"column":10},"end":{"line":142,"column":43}},"77":{"start":{"line":146,"column":8},"end":{"line":146,"column":60}},"78":{"start":{"line":149,"column":8},"end":{"line":152,"column":11}},"79":{"start":{"line":150,"column":10},"end":{"line":150,"column":65}},"80":{"start":{"line":151,"column":10},"end":{"line":151,"column":76}},"81":{"start":{"line":154,"column":6},"end":{"line":156,"column":8}},"82":{"start":{"line":155,"column":8},"end":{"line":155,"column":21}},"83":{"start":{"line":164,"column":10},"end":{"line":164,"column":18}},"84":{"start":{"line":165,"column":10},"end":{"line":165,"column":18}},"85":{"start":{"line":167,"column":2},"end":{"line":167,"column":27}},"86":{"start":{"line":168,"column":2},"end":{"line":168,"column":28}},"87":{"start":{"line":169,"column":2},"end":{"line":169,"column":24}},"88":{"start":{"line":171,"column":2},"end":{"line":171,"column":21}},"89":{"start":{"line":176,"column":10},"end":{"line":176,"column":18}},"90":{"start":{"line":177,"column":10},"end":{"line":177,"column":18}},"91":{"start":{"line":179,"column":2},"end":{"line":181,"column":3}},"92":{"start":{"line":180,"column":4},"end":{"line":180,"column":11}},"93":{"start":{"line":183,"column":2},"end":{"line":183,"column":28}},"94":{"start":{"line":184,"column":2},"end":{"line":184,"column":24}},"95":{"start":{"line":188,"column":2},"end":{"line":188,"column":27}},"96":{"start":{"line":189,"column":2},"end":{"line":189,"column":22}}},"fnMap":{"0":{"name":"data","decl":{"start":{"line":1,"column":9},"end":{"line":1,"column":13}},"loc":{"start":{"line":1,"column":16},"end":{"line":7,"column":1}},"line":1},"1":{"name":"mounted","decl":{"start":{"line":9,"column":9},"end":{"line":9,"column":16}},"loc":{"start":{"line":9,"column":19},"end":{"line":161,"column":1}},"line":9},"2":{"name":"startDraw","decl":{"start":{"line":38,"column":11},"end":{"line":38,"column":20}},"loc":{"start":{"line":38,"column":23},"end":{"line":46,"column":3}},"line":38},"3":{"name":"(anonymous_3)","decl":{"start":{"line":40,"column":20},"end":{"line":40,"column":21}},"loc":{"start":{"line":40,"column":30},"end":{"line":42,"column":5}},"line":40},"4":{"name":"Draw","decl":{"start":{"line":48,"column":11},"end":{"line":48,"column":15}},"loc":{"start":{"line":48,"column":18},"end":{"line":98,"column":3}},"line":48},"5":{"name":"endDraw","decl":{"start":{"line":100,"column":11},"end":{"line":100,"column":18}},"loc":{"start":{"line":100,"column":20},"end":{"line":109,"column":3}},"line":100},"6":{"name":"(anonymous_6)","decl":{"start":{"line":102,"column":20},"end":{"line":102,"column":21}},"loc":{"start":{"line":102,"column":30},"end":{"line":104,"column":5}},"line":102},"7":{"name":"setdrawPath","decl":{"start":{"line":111,"column":11},"end":{"line":111,"column":22}},"loc":{"start":{"line":111,"column":33},"end":{"line":114,"column":3}},"line":111},"8":{"name":"(anonymous_8)","decl":{"start":{"line":118,"column":16},"end":{"line":118,"column":17}},"loc":{"start":{"line":118,"column":29},"end":{"line":159,"column":3}},"line":118},"9":{"name":"(anonymous_9)","decl":{"start":{"line":120,"column":20},"end":{"line":120,"column":21}},"loc":{"start":{"line":120,"column":39},"end":{"line":157,"column":5}},"line":120},"10":{"name":"(anonymous_10)","decl":{"start":{"line":125,"column":43},"end":{"line":125,"column":44}},"loc":{"start":{"line":125,"column":52},"end":{"line":153,"column":7}},"line":125},"11":{"name":"moveAt","decl":{"start":{"line":136,"column":17},"end":{"line":136,"column":23}},"loc":{"start":{"line":136,"column":38},"end":{"line":140,"column":9}},"line":136},"12":{"name":"onMouseMove","decl":{"start":{"line":141,"column":17},"end":{"line":141,"column":28}},"loc":{"start":{"line":141,"column":36},"end":{"line":143,"column":9}},"line":141},"13":{"name":"(anonymous_13)","decl":{"start":{"line":149,"column":43},"end":{"line":149,"column":44}},"loc":{"start":{"line":149,"column":48},"end":{"line":152,"column":9}},"line":149},"14":{"name":"(anonymous_14)","decl":{"start":{"line":154,"column":27},"end":{"line":154,"column":28}},"loc":{"start":{"line":154,"column":38},"end":{"line":156,"column":7}},"line":154},"15":{"name":"drawStart","decl":{"start":{"line":163,"column":9},"end":{"line":163,"column":18}},"loc":{"start":{"line":163,"column":22},"end":{"line":173,"column":1}},"line":163},"16":{"name":"draw","decl":{"start":{"line":175,"column":9},"end":{"line":175,"column":13}},"loc":{"start":{"line":175,"column":17},"end":{"line":185,"column":1}},"line":175},"17":{"name":"dragEnd","decl":{"start":{"line":187,"column":9},"end":{"line":187,"column":16}},"loc":{"start":{"line":187,"column":19},"end":{"line":190,"column":1}},"line":187}},"branchMap":{"0":{"loc":{"start":{"line":49,"column":4},"end":{"line":97,"column":5}},"type":"if","locations":[{"start":{"line":49,"column":4},"end":{"line":97,"column":5}},{"start":{},"end":{}}],"line":49},"1":{"loc":{"start":{"line":62,"column":6},"end":{"line":95,"column":7}},"type":"if","locations":[{"start":{"line":62,"column":6},"end":{"line":95,"column":7}},{"start":{"line":73,"column":13},"end":{"line":95,"column":7}}],"line":62},"2":{"loc":{"start":{"line":179,"column":2},"end":{"line":181,"column":3}},"type":"if","locations":[{"start":{"line":179,"column":2},"end":{"line":181,"column":3}},{"start":{},"end":{}}],"line":179}},"s":{"0":0,"1":0,"2":0,"3":0,"4":0,"5":0,"6":0,"7":0,"8":0,"9":0,"10":0,"11":0,"12":0,"13":0,"14":0,"15":0,"16":0,"17":0,"18":0,"19":0,"20":0,"21":0,"22":0,"23":0,"24":0,"25":0,"26":0,"27":0,"28":0,"29":0,"30":0,"31":0,"32":0,"33":0,"34":0,"35":0,"36":0,"37":0,"38":0,"39":0,"40":0,"41":0,"42":0,"43":0,"44":0,"45":0,"46":0,"47":0,"48":0,"49":0,"50":0,"51":0,"52":0,"53":0,"54":0,"55":0,"56":0,"57":0,"58":0,"59":0,"60":0,"61":0,"62":0,"63":0,"64":0,"65":0,"66":0,"67":0,"68":0,"69":0,"70":0,"71":0,"72":0,"73":0,"74":0,"75":0,"76":0,"77":0,"78":0,"79":0,"80":0,"81":0,"82":0,"83":0,"84":0,"85":0,"86":0,"87":0,"88":0,"89":0,"90":0,"91":0,"92":0,"93":0,"94":0,"95":0,"96":0},"f":{"0":0,"1":0,"2":0,"3":0,"4":0,"5":0,"6":0,"7":0,"8":0,"9":0,"10":0,"11":0,"12":0,"13":0,"14":0,"15":0,"16":0,"17":0},"b":{"0":[0,0],"1":[0,0],"2":[0,0]}}
,"/app/src/plugins/vuetify.js": {"path":"/app/src/plugins/vuetify.js","statementMap":{"0":{"start":{"line":4,"column":0},"end":{"line":4,"column":17}}},"fnMap":{},"branchMap":{},"s":{"0":0},"f":{},"b":{}}
}
